<?xml version="1.0" encoding="UTF-8"?>
<!-- Generated by org.testng.reporters.JUnitXMLReporter -->
<testsuite hostname="NC003" ignored="0" name="Check measure set selection " tests="4" failures="0" timestamp="29 May 2018 14:00:10 GMT" time="21.45" errors="0">
  <testcase name="TC_AllMeasures" time="8.15" classname="testcases.dashboard.measureset.TC_SelectingMeasureSet"/>
  <testcase name="TC_AllMeasures" time="4.863" classname="testcases.dashboard.measureset.TC_SelectingMeasureSet"/>
  <testcase name="TC_AllMeasures" time="3.865" classname="testcases.dashboard.measureset.TC_SelectingMeasureSet"/>
  <testcase name="TC_AllMeasures" time="3.639" classname="testcases.dashboard.measureset.TC_SelectingMeasureSet"/>
</testsuite> <!-- Check measure set selection  -->
