<?xml version="1.0" encoding="UTF-8"?>
<!-- Generated by org.testng.reporters.JUnitXMLReporter -->
<testsuite hostname="NC003" ignored="0" name="TC to Select measure set in dashboard" tests="4" failures="0" timestamp="06 Jul 2018 08:20:07 GMT" time="21.478" errors="0">
  <testcase name="TC_AllMeasures" time="10.624" classname="testcases.dashboard.measureset.TC_SelectingMeasureSet"/>
  <testcase name="TC_AllMeasures" time="3.599" classname="testcases.dashboard.measureset.TC_SelectingMeasureSet"/>
  <testcase name="TC_AllMeasures" time="3.4" classname="testcases.dashboard.measureset.TC_SelectingMeasureSet"/>
  <testcase name="TC_AllMeasures" time="3.313" classname="testcases.dashboard.measureset.TC_SelectingMeasureSet"/>
</testsuite> <!-- TC to Select measure set in dashboard -->
