<?xml version="1.0" encoding="UTF-8"?>
<!-- Generated by org.testng.reporters.JUnitXMLReporter -->
<testsuite hostname="NC003" name="TC_DetailedPPDrillDownCountR" tests="1" failures="1" timestamp="12 Feb 2018 07:26:12 GMT" time="336.177" errors="0">
  <testcase name="startTestCase" time="335.668" classname="testcases.dashboard.provider.rolling.TC_DetailedPPDrillDownCountR">
    <failure type="java.lang.AssertionError" message="The following asserts failed:
	null">
      <![CDATA[java.lang.AssertionError: The following asserts failed:
	null
	at testcases.dashboard.provider.rolling.TC_DetailedPPDrillDownCountR.startTestCase(TC_DetailedPPDrillDownCountR.java:29)
	at TestNGLoader.Loader.main(Loader.java:60)
... Removed 22 stack frames]]>
    </failure>
  </testcase> <!-- startTestCase -->
</testsuite> <!-- TC_DetailedPPDrillDownCountR -->
