<?xml version="1.0" encoding="UTF-8"?>
<!-- Generated by org.testng.reporters.JUnitXMLReporter -->
<testsuite hostname="NC003" name="TC_DetailedPatientDrillDownCountR" tests="1" failures="1" timestamp="13 Jul 2018 15:45:57 GMT" time="60.78" errors="0">
  <testcase name="startTestCase" time="60.523" classname="testcases.dashboard.provider.rolling.TC_DetailedPatientDrillDownCountR">
    <failure type="java.lang.AssertionError" message="The following asserts failed:
	null">
      <![CDATA[java.lang.AssertionError: The following asserts failed:
	null
	at testcases.dashboard.provider.rolling.TC_DetailedPatientDrillDownCountR.startTestCase(TC_DetailedPatientDrillDownCountR.java:29)
	at TestNGLoader.Loader.main(Loader.java:61)
... Removed 22 stack frames]]>
    </failure>
  </testcase> <!-- startTestCase -->
</testsuite> <!-- TC_DetailedPatientDrillDownCountR -->
