<?xml version="1.0" encoding="UTF-8"?>
<!-- Generated by org.testng.reporters.JUnitXMLReporter -->
<testsuite hostname="NC003" name="TC_DetailedPatientDrillDownCountNR" tests="1" failures="1" timestamp="13 Jul 2018 15:46:46 GMT" time="48.963" errors="0">
  <testcase name="startTestCase" time="48.719" classname="testcases.dashboard.provider.nonrolling.TC_DetailedPatientDrillDownCountNR">
    <failure type="java.lang.AssertionError" message="The following asserts failed:
	null">
      <![CDATA[java.lang.AssertionError: The following asserts failed:
	null
	at testcases.dashboard.provider.nonrolling.TC_DetailedPatientDrillDownCountNR.startTestCase(TC_DetailedPatientDrillDownCountNR.java:29)
	at TestNGLoader.Loader.main(Loader.java:61)
... Removed 22 stack frames]]>
    </failure>
  </testcase> <!-- startTestCase -->
</testsuite> <!-- TC_DetailedPatientDrillDownCountNR -->
