<?xml version="1.0" encoding="UTF-8"?>
<!-- Generated by org.testng.reporters.JUnitXMLReporter -->
<testsuite hostname="NC003" name="TC_LocationBubbleCountNR" tests="1" failures="1" timestamp="13 Jul 2018 15:11:36 GMT" time="61.227" errors="0">
  <testcase name="TC_AllMeasures" time="61.066" classname="testcases.dashboard.location.locationList.nonRolling.TC_LocationBubbleCountNR">
    <failure type="java.lang.AssertionError" message="The following asserts failed:
	null, 
	null">
      <![CDATA[java.lang.AssertionError: The following asserts failed:
	null, 
	null
	at testcases.dashboard.location.locationList.nonRolling.TC_LocationBubbleCountNR.TC_AllMeasures(TC_LocationBubbleCountNR.java:32)
	at TestNGLoader.Loader.main(Loader.java:61)
... Removed 22 stack frames]]>
    </failure>
  </testcase> <!-- TC_AllMeasures -->
</testsuite> <!-- TC_LocationBubbleCountNR -->
