<?xml version="1.0" encoding="UTF-8"?>
<!-- Generated by org.testng.reporters.JUnitXMLReporter -->
<testsuite hostname="NC003" name="TC_LocationBubbleCountR" tests="1" failures="1" timestamp="13 Jul 2018 15:12:32 GMT" time="55.544" errors="0">
  <testcase name="TC_AllMeasures" time="55.434" classname="testcases.dashboard.location.locationList.rolling.TC_LocationBubbleCountR">
    <failure type="java.lang.AssertionError" message="The following asserts failed:
	null, 
	null">
      <![CDATA[java.lang.AssertionError: The following asserts failed:
	null, 
	null
	at testcases.dashboard.location.locationList.rolling.TC_LocationBubbleCountR.TC_AllMeasures(TC_LocationBubbleCountR.java:32)
	at TestNGLoader.Loader.main(Loader.java:61)
... Removed 22 stack frames]]>
    </failure>
  </testcase> <!-- TC_AllMeasures -->
</testsuite> <!-- TC_LocationBubbleCountR -->
