<?xml version="1.0" encoding="UTF-8"?>
<!-- Generated by org.testng.reporters.JUnitXMLReporter -->
<testsuite hostname="NC003" name="TC_MipsPracticeReSubmissionMultiTin" tests="1" failures="1" timestamp="23 Mar 2018 10:24:52 GMT" time="75.799" errors="0">
  <testcase name="testBlankPassword" time="74.769" classname="testcases.mips.TC_MipsPracticeReSubmissionMultiTin">
    <failure type="java.lang.AssertionError" message="The following asserts failed:
	null">
      <![CDATA[java.lang.AssertionError: The following asserts failed:
	null
	at testcases.mips.TC_MipsPracticeReSubmissionMultiTin.testBlankPassword(TC_MipsPracticeReSubmissionMultiTin.java:28)
	at TestNGLoader.Loader.main(Loader.java:60)
... Removed 22 stack frames]]>
    </failure>
  </testcase> <!-- testBlankPassword -->
</testsuite> <!-- TC_MipsPracticeReSubmissionMultiTin -->
