<?xml version="1.0" encoding="UTF-8"?>
<!-- Generated by org.testng.reporters.JUnitXMLReporter -->
<testsuite hostname="NC003" name="TC_MipsProviderCountSearch" tests="1" failures="1" timestamp="18 Mar 2018 09:44:34 GMT" time="81.796" errors="0">
  <testcase name="testBlankPassword" time="81.65" classname="testcases.mips.TC_MipsProviderCountSearch">
    <failure type="java.lang.AssertionError" message="The following asserts failed:
	null,
	null,
	null">
      <![CDATA[java.lang.AssertionError: The following asserts failed:
	null,
	null,
	null
	at testcases.mips.TC_MipsProviderCountSearch.testBlankPassword(TC_MipsProviderCountSearch.java:27)
	at TestNGLoader.Loader.main(Loader.java:60)
... Removed 22 stack frames]]>
    </failure>
  </testcase> <!-- testBlankPassword -->
</testsuite> <!-- TC_MipsProviderCountSearch -->
