<?xml version="1.0" encoding="UTF-8"?>
<!-- Generated by org.testng.reporters.JUnitXMLReporter -->
<testsuite hostname="NC003" name="TC_PracticeSaveSingle" tests="3" failures="0" timestamp="28 Mar 2018 20:08:54 GMT" time="9.037" errors="0">
  <testcase name="testBlankPassword" time="6.622" classname="testcases.mips.TC_PracticeSaveSingle"/>
  <testcase name="testBlankPassword" time="0.344" classname="testcases.mips.TC_PracticeSaveSingle"/>
  <testcase name="testBlankPassword" time="0.293" classname="testcases.mips.TC_PracticeSaveSingle"/>
</testsuite> <!-- TC_PracticeSaveSingle -->
