<?xml version="1.0" encoding="UTF-8"?>
<!-- Generated by org.testng.reporters.JUnitXMLReporter -->
<testsuite hostname="NC003" name="TC_ProviderCountNR" tests="1" failures="1" timestamp="13 Jul 2018 15:21:16 GMT" time="85.794" errors="0">
  <testcase name="startTestCase" time="85.541" classname="testcases.dashboard.provider.nonrolling.TC_ProviderCountNR">
    <failure type="java.lang.AssertionError" message="The following asserts failed:
	null">
      <![CDATA[java.lang.AssertionError: The following asserts failed:
	null
	at testcases.dashboard.provider.nonrolling.TC_ProviderCountNR.startTestCase(TC_ProviderCountNR.java:35)
	at TestNGLoader.Loader.main(Loader.java:61)
... Removed 22 stack frames]]>
    </failure>
  </testcase> <!-- startTestCase -->
</testsuite> <!-- TC_ProviderCountNR -->
