<?xml version="1.0" encoding="UTF-8"?>
<!-- Generated by org.testng.reporters.JUnitXMLReporter -->
<testsuite hostname="NC003" ignored="0" name="TC_PracticeAllProvidersPopUpViewR" tests="1" failures="1" timestamp="24 May 2018 14:59:16 GMT" time="47.848" errors="0">
  <testcase name="TC_AllMeasures" time="46.323" classname="testcases.dashboard.practice.rolling.TC_PracticeAllProvidersPopUpViewR">
    <failure type="java.lang.AssertionError" message="The following asserts failed:
	null">
      <![CDATA[java.lang.AssertionError: The following asserts failed:
null
at testcases.dashboard.practice.rolling.TC_PracticeAllProvidersPopUpViewR.TC_AllMeasures(TC_PracticeAllProvidersPopUpViewR.java:37)
at TestNGLoader.Loader.main(Loader.java:60)
... Removed 23 stack frames]]>
    </failure>
  </testcase> <!-- TC_AllMeasures -->
</testsuite> <!-- TC_PracticeAllProvidersPopUpViewR -->
