<?xml version="1.0" encoding="UTF-8"?>
<!-- Generated by org.testng.reporters.JUnitXMLReporter -->
<testsuite hostname="NC003" ignored="0" name="TC_PracticeAllLocationPopUpCountNR" tests="1" failures="1" timestamp="24 May 2018 07:05:33 GMT" time="747.098" errors="0">
  <testcase name="TC_AllMeasures" time="745.693" classname="testcases.dashboard.practice.practiceAll.location.nonRolling.TC_PracticeAllLocationPopUpCountNR">
    <failure type="java.lang.AssertionError" message="The following asserts failed:
	null,
	null,
	null">
      <![CDATA[java.lang.AssertionError: The following asserts failed:
null,
null,
null
at testcases.dashboard.practice.practiceAll.location.nonRolling.TC_PracticeAllLocationPopUpCountNR.TC_AllMeasures(TC_PracticeAllLocationPopUpCountNR.java:27)
at TestNGLoader.Loader.main(Loader.java:60)
... Removed 23 stack frames]]>
    </failure>
  </testcase> <!-- TC_AllMeasures -->
</testsuite> <!-- TC_PracticeAllLocationPopUpCountNR -->
