<?xml version="1.0" encoding="UTF-8"?>
<!-- Generated by org.testng.reporters.JUnitXMLReporter -->
<testsuite hostname="NC003" name="TC_ProviderSaveQuality" tests="198" failures="2" timestamp="29 Mar 2018 14:33:14 GMT" time="19639.428" errors="0">
  <testcase name="testBlankPassword" time="115.282" classname="testcases.mips.TC_Stale"/>
  <testcase name="testBlankPassword" time="105.492" classname="testcases.mips.TC_Stale"/>
  <testcase name="testBlankPassword" time="96.185" classname="testcases.mips.TC_Stale"/>
  <testcase name="testBlankPassword" time="110.274" classname="testcases.mips.TC_Stale"/>
  <testcase name="testBlankPassword" time="104.348" classname="testcases.mips.TC_Stale"/>
  <testcase name="testBlankPassword" time="108.95" classname="testcases.mips.TC_Stale"/>
  <testcase name="testBlankPassword" time="103.682" classname="testcases.mips.TC_Stale"/>
  <testcase name="testBlankPassword" time="115.452" classname="testcases.mips.TC_Stale"/>
  <testcase name="testBlankPassword" time="108.457" classname="testcases.mips.TC_Stale"/>
  <testcase name="testBlankPassword" time="114.629" classname="testcases.mips.TC_Stale"/>
  <testcase name="testBlankPassword" time="91.119" classname="testcases.mips.TC_Stale"/>
  <testcase name="testBlankPassword" time="104.943" classname="testcases.mips.TC_Stale"/>
  <testcase name="testBlankPassword" time="104.532" classname="testcases.mips.TC_Stale"/>
  <testcase name="testBlankPassword" time="107.026" classname="testcases.mips.TC_Stale"/>
  <testcase name="testBlankPassword" time="97.972" classname="testcases.mips.TC_Stale"/>
  <testcase name="testBlankPassword" time="98.335" classname="testcases.mips.TC_Stale"/>
  <testcase name="testBlankPassword" time="127.964" classname="testcases.mips.TC_Stale"/>
  <testcase name="testBlankPassword" time="102.15" classname="testcases.mips.TC_Stale"/>
  <testcase name="testBlankPassword" time="126.141" classname="testcases.mips.TC_Stale"/>
  <testcase name="testBlankPassword" time="114.432" classname="testcases.mips.TC_Stale"/>
  <testcase name="testBlankPassword" time="120.726" classname="testcases.mips.TC_Stale"/>
  <testcase name="testBlankPassword" time="73.322" classname="testcases.mips.TC_Stale"/>
  <testcase name="testBlankPassword" time="76.71" classname="testcases.mips.TC_Stale"/>
  <testcase name="testBlankPassword" time="83.529" classname="testcases.mips.TC_Stale"/>
  <testcase name="testBlankPassword" time="115.003" classname="testcases.mips.TC_Stale"/>
  <testcase name="testBlankPassword" time="97.559" classname="testcases.mips.TC_Stale"/>
  <testcase name="testBlankPassword" time="115.589" classname="testcases.mips.TC_Stale"/>
  <testcase name="testBlankPassword" time="118.555" classname="testcases.mips.TC_Stale"/>
  <testcase name="testBlankPassword" time="143.541" classname="testcases.mips.TC_Stale"/>
  <testcase name="testBlankPassword" time="125.184" classname="testcases.mips.TC_Stale"/>
  <testcase name="testBlankPassword" time="151.722" classname="testcases.mips.TC_Stale"/>
  <testcase name="testBlankPassword" time="126.737" classname="testcases.mips.TC_Stale"/>
  <testcase name="testBlankPassword" time="125.551" classname="testcases.mips.TC_Stale"/>
  <testcase name="testBlankPassword" time="127.921" classname="testcases.mips.TC_Stale"/>
  <testcase name="testBlankPassword" time="109.615" classname="testcases.mips.TC_Stale"/>
  <testcase name="testBlankPassword" time="151.305" classname="testcases.mips.TC_Stale"/>
  <testcase name="testBlankPassword" time="129.217" classname="testcases.mips.TC_Stale"/>
  <testcase name="testBlankPassword" time="127.185" classname="testcases.mips.TC_Stale"/>
  <testcase name="testBlankPassword" time="112.488" classname="testcases.mips.TC_Stale"/>
  <testcase name="testBlankPassword" time="110.651" classname="testcases.mips.TC_Stale"/>
  <testcase name="testBlankPassword" time="81.037" classname="testcases.mips.TC_Stale"/>
  <testcase name="testBlankPassword" time="82.897" classname="testcases.mips.TC_Stale"/>
  <testcase name="testBlankPassword" time="84.351" classname="testcases.mips.TC_Stale"/>
  <testcase name="testBlankPassword" time="144.764" classname="testcases.mips.TC_Stale"/>
  <testcase name="testBlankPassword" time="126.357" classname="testcases.mips.TC_Stale"/>
  <testcase name="testBlankPassword" time="126.313" classname="testcases.mips.TC_Stale"/>
  <testcase name="testBlankPassword" time="131.598" classname="testcases.mips.TC_Stale"/>
  <testcase name="testBlankPassword" time="109.896" classname="testcases.mips.TC_Stale"/>
  <testcase name="testBlankPassword" time="79.022" classname="testcases.mips.TC_Stale"/>
  <testcase name="testBlankPassword" time="131.221" classname="testcases.mips.TC_Stale"/>
  <testcase name="testBlankPassword" time="123.537" classname="testcases.mips.TC_Stale"/>
  <testcase name="testBlankPassword" time="124.673" classname="testcases.mips.TC_Stale"/>
  <testcase name="testBlankPassword" time="76.316" classname="testcases.mips.TC_Stale"/>
  <testcase name="testBlankPassword" time="111.77" classname="testcases.mips.TC_Stale"/>
  <testcase name="testBlankPassword" time="117.93" classname="testcases.mips.TC_Stale"/>
  <testcase name="testBlankPassword" time="116.174" classname="testcases.mips.TC_Stale"/>
  <testcase name="testBlankPassword" time="104.787" classname="testcases.mips.TC_Stale"/>
  <testcase name="testBlankPassword" time="111.721" classname="testcases.mips.TC_Stale"/>
  <testcase name="testBlankPassword" time="84.045" classname="testcases.mips.TC_Stale"/>
  <testcase name="testBlankPassword" time="114.543" classname="testcases.mips.TC_Stale"/>
  <testcase name="testBlankPassword" time="108.093" classname="testcases.mips.TC_Stale"/>
  <testcase name="testBlankPassword" time="97.723" classname="testcases.mips.TC_Stale"/>
  <testcase name="testBlankPassword" time="93.823" classname="testcases.mips.TC_Stale"/>
  <testcase name="testBlankPassword" time="218.013" classname="testcases.mips.TC_Stale">
    <failure type="java.lang.AssertionError" message="Step 17	Action: verifyelement	Status: Fail">
      <![CDATA[java.lang.AssertionError: Step 17	Action: verifyelement	Status: Fail
	at buisness.frameworkengine.TestExecutor.testexecute(TestExecutor.java:337)
	at testcases.mips.TC_Stale.testBlankPassword(TC_Stale.java:24)
	at TestNGLoader.Loader.main(Loader.java:60)
... Removed 21 stack frames]]>
    </failure>
  </testcase> <!-- testBlankPassword -->
  <testcase name="testBlankPassword" time="71.809" classname="testcases.mips.TC_Stale"/>
  <testcase name="testBlankPassword" time="104.53" classname="testcases.mips.TC_Stale"/>
  <testcase name="testBlankPassword" time="92.115" classname="testcases.mips.TC_Stale"/>
  <testcase name="testBlankPassword" time="97.025" classname="testcases.mips.TC_Stale"/>
  <testcase name="testBlankPassword" time="102.308" classname="testcases.mips.TC_Stale"/>
  <testcase name="testBlankPassword" time="104.967" classname="testcases.mips.TC_Stale"/>
  <testcase name="testBlankPassword" time="103.192" classname="testcases.mips.TC_Stale"/>
  <testcase name="testBlankPassword" time="99.918" classname="testcases.mips.TC_Stale"/>
  <testcase name="testBlankPassword" time="107.912" classname="testcases.mips.TC_Stale"/>
  <testcase name="testBlankPassword" time="96.553" classname="testcases.mips.TC_Stale"/>
  <testcase name="testBlankPassword" time="102.782" classname="testcases.mips.TC_Stale"/>
  <testcase name="testBlankPassword" time="106.076" classname="testcases.mips.TC_Stale"/>
  <testcase name="testBlankPassword" time="99.141" classname="testcases.mips.TC_Stale"/>
  <testcase name="testBlankPassword" time="115.94" classname="testcases.mips.TC_Stale"/>
  <testcase name="testBlankPassword" time="103.819" classname="testcases.mips.TC_Stale"/>
  <testcase name="testBlankPassword" time="104.846" classname="testcases.mips.TC_Stale"/>
  <testcase name="testBlankPassword" time="85.957" classname="testcases.mips.TC_Stale"/>
  <testcase name="testBlankPassword" time="99.775" classname="testcases.mips.TC_Stale"/>
  <testcase name="testBlankPassword" time="82.9" classname="testcases.mips.TC_Stale"/>
  <testcase name="testBlankPassword" time="104.302" classname="testcases.mips.TC_Stale"/>
  <testcase name="testBlankPassword" time="110.34" classname="testcases.mips.TC_Stale"/>
  <testcase name="testBlankPassword" time="101.991" classname="testcases.mips.TC_Stale"/>
  <testcase name="testBlankPassword" time="93.56" classname="testcases.mips.TC_Stale"/>
  <testcase name="testBlankPassword" time="112.383" classname="testcases.mips.TC_Stale"/>
  <testcase name="testBlankPassword" time="102.013" classname="testcases.mips.TC_Stale"/>
  <testcase name="testBlankPassword" time="98.227" classname="testcases.mips.TC_Stale"/>
  <testcase name="testBlankPassword" time="85.158" classname="testcases.mips.TC_Stale"/>
  <testcase name="testBlankPassword" time="79.373" classname="testcases.mips.TC_Stale"/>
  <testcase name="testBlankPassword" time="83.424" classname="testcases.mips.TC_Stale"/>
  <testcase name="testBlankPassword" time="95.301" classname="testcases.mips.TC_Stale"/>
  <testcase name="testBlankPassword" time="82.112" classname="testcases.mips.TC_Stale"/>
  <testcase name="testBlankPassword" time="93.878" classname="testcases.mips.TC_Stale"/>
  <testcase name="testBlankPassword" time="87.175" classname="testcases.mips.TC_Stale"/>
  <testcase name="testBlankPassword" time="87.167" classname="testcases.mips.TC_Stale"/>
  <testcase name="testBlankPassword" time="84.798" classname="testcases.mips.TC_Stale"/>
  <testcase name="testBlankPassword" time="99.039" classname="testcases.mips.TC_Stale"/>
  <testcase name="testBlankPassword" time="88.712" classname="testcases.mips.TC_Stale"/>
  <testcase name="testBlankPassword" time="98.321" classname="testcases.mips.TC_Stale"/>
  <testcase name="testBlankPassword" time="100.751" classname="testcases.mips.TC_Stale"/>
  <testcase name="testBlankPassword" time="89.794" classname="testcases.mips.TC_Stale"/>
  <testcase name="testBlankPassword" time="87.747" classname="testcases.mips.TC_Stale"/>
  <testcase name="testBlankPassword" time="93.058" classname="testcases.mips.TC_Stale"/>
  <testcase name="testBlankPassword" time="88.112" classname="testcases.mips.TC_Stale"/>
  <testcase name="testBlankPassword" time="94.088" classname="testcases.mips.TC_Stale"/>
  <testcase name="testBlankPassword" time="91.99" classname="testcases.mips.TC_Stale"/>
  <testcase name="testBlankPassword" time="99.77" classname="testcases.mips.TC_Stale"/>
  <testcase name="testBlankPassword" time="74.844" classname="testcases.mips.TC_Stale"/>
  <testcase name="testBlankPassword" time="76.22" classname="testcases.mips.TC_Stale"/>
  <testcase name="testBlankPassword" time="82.906" classname="testcases.mips.TC_Stale"/>
  <testcase name="testBlankPassword" time="90.356" classname="testcases.mips.TC_Stale"/>
  <testcase name="testBlankPassword" time="95.168" classname="testcases.mips.TC_Stale"/>
  <testcase name="testBlankPassword" time="112.187" classname="testcases.mips.TC_Stale"/>
  <testcase name="testBlankPassword" time="95.464" classname="testcases.mips.TC_Stale"/>
  <testcase name="testBlankPassword" time="95.312" classname="testcases.mips.TC_Stale"/>
  <testcase name="testBlankPassword" time="88.591" classname="testcases.mips.TC_Stale"/>
  <testcase name="testBlankPassword" time="85.45" classname="testcases.mips.TC_Stale"/>
  <testcase name="testBlankPassword" time="82.244" classname="testcases.mips.TC_Stale"/>
  <testcase name="testBlankPassword" time="100.913" classname="testcases.mips.TC_Stale"/>
  <testcase name="testBlankPassword" time="101.08" classname="testcases.mips.TC_Stale"/>
  <testcase name="testBlankPassword" time="88.069" classname="testcases.mips.TC_Stale"/>
  <testcase name="testBlankPassword" time="103.195" classname="testcases.mips.TC_Stale"/>
  <testcase name="testBlankPassword" time="87.405" classname="testcases.mips.TC_Stale"/>
  <testcase name="testBlankPassword" time="79.448" classname="testcases.mips.TC_Stale"/>
  <testcase name="testBlankPassword" time="83.167" classname="testcases.mips.TC_Stale"/>
  <testcase name="testBlankPassword" time="88.153" classname="testcases.mips.TC_Stale"/>
  <testcase name="testBlankPassword" time="95.058" classname="testcases.mips.TC_Stale"/>
  <testcase name="testBlankPassword" time="84.255" classname="testcases.mips.TC_Stale"/>
  <testcase name="testBlankPassword" time="89.13" classname="testcases.mips.TC_Stale"/>
  <testcase name="testBlankPassword" time="89.042" classname="testcases.mips.TC_Stale"/>
  <testcase name="testBlankPassword" time="104.073" classname="testcases.mips.TC_Stale"/>
  <testcase name="testBlankPassword" time="84.075" classname="testcases.mips.TC_Stale"/>
  <testcase name="testBlankPassword" time="89.721" classname="testcases.mips.TC_Stale"/>
  <testcase name="testBlankPassword" time="88.844" classname="testcases.mips.TC_Stale"/>
  <testcase name="testBlankPassword" time="246.123" classname="testcases.mips.TC_Stale"/>
  <testcase name="testBlankPassword" time="92.323" classname="testcases.mips.TC_Stale"/>
  <testcase name="testBlankPassword" time="73.142" classname="testcases.mips.TC_Stale"/>
  <testcase name="testBlankPassword" time="82.767" classname="testcases.mips.TC_Stale"/>
  <testcase name="testBlankPassword" time="87.925" classname="testcases.mips.TC_Stale"/>
  <testcase name="testBlankPassword" time="86.076" classname="testcases.mips.TC_Stale"/>
  <testcase name="testBlankPassword" time="82.534" classname="testcases.mips.TC_Stale"/>
  <testcase name="testBlankPassword" time="74.578" classname="testcases.mips.TC_Stale"/>
  <testcase name="testBlankPassword" time="77.812" classname="testcases.mips.TC_Stale"/>
  <testcase name="testBlankPassword" time="75.869" classname="testcases.mips.TC_Stale"/>
  <testcase name="testBlankPassword" time="83.611" classname="testcases.mips.TC_Stale"/>
  <testcase name="testBlankPassword" time="88.565" classname="testcases.mips.TC_Stale"/>
  <testcase name="testBlankPassword" time="112.237" classname="testcases.mips.TC_Stale"/>
  <testcase name="testBlankPassword" time="108.008" classname="testcases.mips.TC_Stale"/>
  <testcase name="testBlankPassword" time="103.426" classname="testcases.mips.TC_Stale"/>
  <testcase name="testBlankPassword" time="76.293" classname="testcases.mips.TC_Stale"/>
  <testcase name="testBlankPassword" time="73.176" classname="testcases.mips.TC_Stale"/>
  <testcase name="testBlankPassword" time="85.899" classname="testcases.mips.TC_Stale"/>
  <testcase name="testBlankPassword" time="80.795" classname="testcases.mips.TC_Stale"/>
  <testcase name="testBlankPassword" time="92.375" classname="testcases.mips.TC_Stale"/>
  <testcase name="testBlankPassword" time="82.857" classname="testcases.mips.TC_Stale"/>
  <testcase name="testBlankPassword" time="79.724" classname="testcases.mips.TC_Stale"/>
  <testcase name="testBlankPassword" time="80.041" classname="testcases.mips.TC_Stale"/>
  <testcase name="testBlankPassword" time="101.018" classname="testcases.mips.TC_Stale"/>
  <testcase name="testBlankPassword" time="82.096" classname="testcases.mips.TC_Stale"/>
  <testcase name="testBlankPassword" time="71.811" classname="testcases.mips.TC_Stale"/>
  <testcase name="testBlankPassword" time="76.447" classname="testcases.mips.TC_Stale"/>
  <testcase name="testBlankPassword" time="81.499" classname="testcases.mips.TC_Stale"/>
  <testcase name="testBlankPassword" time="81.988" classname="testcases.mips.TC_Stale"/>
  <testcase name="testBlankPassword" time="90.797" classname="testcases.mips.TC_Stale"/>
  <testcase name="testBlankPassword" time="73.171" classname="testcases.mips.TC_Stale"/>
  <testcase name="testBlankPassword" time="73.497" classname="testcases.mips.TC_Stale"/>
  <testcase name="testBlankPassword" time="101.981" classname="testcases.mips.TC_Stale"/>
  <testcase name="testBlankPassword" time="81.305" classname="testcases.mips.TC_Stale"/>
  <testcase name="testBlankPassword" time="81.945" classname="testcases.mips.TC_Stale"/>
  <testcase name="testBlankPassword" time="84.268" classname="testcases.mips.TC_Stale"/>
  <testcase name="testBlankPassword" time="84.067" classname="testcases.mips.TC_Stale"/>
  <testcase name="testBlankPassword" time="86.636" classname="testcases.mips.TC_Stale"/>
  <testcase name="testBlankPassword" time="75.884" classname="testcases.mips.TC_Stale"/>
  <testcase name="testBlankPassword" time="71.993" classname="testcases.mips.TC_Stale"/>
  <testcase name="testBlankPassword" time="73.283" classname="testcases.mips.TC_Stale"/>
  <testcase name="testBlankPassword" time="85.88" classname="testcases.mips.TC_Stale"/>
  <testcase name="testBlankPassword" time="73.682" classname="testcases.mips.TC_Stale"/>
  <testcase name="testBlankPassword" time="69.728" classname="testcases.mips.TC_Stale"/>
  <testcase name="testBlankPassword" time="64.923" classname="testcases.mips.TC_Stale"/>
  <testcase name="testBlankPassword" time="76.225" classname="testcases.mips.TC_Stale"/>
  <testcase name="testBlankPassword" time="85.832" classname="testcases.mips.TC_Stale"/>
  <testcase name="testBlankPassword" time="98.858" classname="testcases.mips.TC_Stale"/>
  <testcase name="testBlankPassword" time="102.696" classname="testcases.mips.TC_Stale"/>
  <testcase name="testBlankPassword" time="87.749" classname="testcases.mips.TC_Stale"/>
  <testcase name="testBlankPassword" time="93.07" classname="testcases.mips.TC_Stale"/>
  <testcase name="testBlankPassword" time="94.441" classname="testcases.mips.TC_Stale"/>
  <testcase name="testBlankPassword" time="81.576" classname="testcases.mips.TC_Stale"/>
  <testcase name="testBlankPassword" time="198.239" classname="testcases.mips.TC_Stale">
    <failure type="java.lang.AssertionError" message="Step 17	Action: verifyelement	Status: Fail">
      <![CDATA[java.lang.AssertionError: Step 17	Action: verifyelement	Status: Fail
	at buisness.frameworkengine.TestExecutor.testexecute(TestExecutor.java:337)
	at testcases.mips.TC_Stale.testBlankPassword(TC_Stale.java:24)
	at TestNGLoader.Loader.main(Loader.java:60)
... Removed 21 stack frames]]>
    </failure>
  </testcase> <!-- testBlankPassword -->
  <testcase name="testBlankPassword" time="76.607" classname="testcases.mips.TC_Stale"/>
  <testcase name="testBlankPassword" time="81.25" classname="testcases.mips.TC_Stale"/>
  <testcase name="testBlankPassword" time="72.877" classname="testcases.mips.TC_Stale"/>
  <testcase name="testBlankPassword" time="94.523" classname="testcases.mips.TC_Stale"/>
  <testcase name="testBlankPassword" time="84.607" classname="testcases.mips.TC_Stale"/>
  <testcase name="testBlankPassword" time="88.387" classname="testcases.mips.TC_Stale"/>
  <testcase name="testBlankPassword" time="78.985" classname="testcases.mips.TC_Stale"/>
</testsuite> <!-- TC_ProviderSaveQuality -->
