<?xml version="1.0" encoding="UTF-8"?>
<!-- Generated by org.testng.reporters.JUnitXMLReporter -->
<testsuite hostname="NC003" ignored="0" name="TC_PracticeProvidersPatientDrillDownCountR" tests="1" failures="1" timestamp="14 Jun 2018 09:21:31 GMT" time="0.025" errors="0">
  <testcase name="TC_PPPatientDrillDown" time="0.0" classname="testcases.dashboard.practice.practiceProvider.rolling.TC_PracticeProvidersPatientDrillDownCountR">
    <failure type="org.testng.TestNGException" message="
Data Provider public java.lang.Object[][] testcases.dashboard.practice.practiceProvider.rolling.TC_PracticeProvidersPatientDrillDownCountR.dataProvider() throws java.io.IOException,org.apache.poi.openxml4j.exceptions.InvalidFormatException returned a null value">
      <![CDATA[org.testng.TestNGException: 
Data Provider public java.lang.Object[][] testcases.dashboard.practice.practiceProvider.rolling.TC_PracticeProvidersPatientDrillDownCountR.dataProvider() throws java.io.IOException,org.apache.poi.openxml4j.exceptions.InvalidFormatException returned a null value
at TestNGLoader.Loader.main(Loader.java:60)
... Removed 19 stack frames]]>
    </failure>
  </testcase> <!-- TC_PPPatientDrillDown -->
</testsuite> <!-- TC_PracticeProvidersPatientDrillDownCountR -->
