<?xml version="1.0" encoding="UTF-8"?>
<!-- Generated by org.testng.reporters.JUnitXMLReporter -->
<testsuite hostname="NC003" name="TC_ProviderCountR" tests="1" failures="1" timestamp="16 Jul 2018 14:11:10 GMT" time="36.616" errors="0">
  <testcase name="startTestCase" time="36.183" classname="testcases.dashboard.provider.rolling.TC_ProviderCountR">
    <failure type="java.lang.AssertionError" message="The following asserts failed:
	null">
      <![CDATA[java.lang.AssertionError: The following asserts failed:
	null
	at testcases.dashboard.provider.rolling.TC_ProviderCountR.startTestCase(TC_ProviderCountR.java:35)
	at TestNGLoader.Loader.main(Loader.java:61)
... Removed 22 stack frames]]>
    </failure>
  </testcase> <!-- startTestCase -->
</testsuite> <!-- TC_ProviderCountR -->
