<?xml version="1.0" encoding="UTF-8"?>
<!-- Generated by org.testng.reporters.JUnitXMLReporter -->
<testsuite hostname="NC003" name="TC_PracticeAllProvidersPopUpCountR" tests="1" failures="1" timestamp="13 Jul 2018 15:17:43 GMT" time="35.582" errors="0">
  <testcase name="TC_AllMeasures" time="34.095" classname="testcases.dashboard.practice.rolling.TC_PracticeAllProvidersPopUpCountR">
    <failure type="java.lang.AssertionError" message="The following asserts failed:
	null">
      <![CDATA[java.lang.AssertionError: The following asserts failed:
	null
	at testcases.dashboard.practice.rolling.TC_PracticeAllProvidersPopUpCountR.TC_AllMeasures(TC_PracticeAllProvidersPopUpCountR.java:37)
	at TestNGLoader.Loader.main(Loader.java:61)
... Removed 22 stack frames]]>
    </failure>
  </testcase> <!-- TC_AllMeasures -->
</testsuite> <!-- TC_PracticeAllProvidersPopUpCountR -->
