<?xml version="1.0" encoding="UTF-8"?>
<!-- Generated by org.testng.reporters.JUnitXMLReporter -->
<testsuite hostname="NC003" name="TC_PracticeProvidersPopUpCountR" tests="1" failures="1" timestamp="13 Jul 2018 15:36:26 GMT" time="34.84" errors="0">
  <testcase name="TC_AllMeasures" time="33.41" classname="testcases.dashboard.practice.rolling.TC_PracticeProvidersPopUpCountR">
    <failure type="java.lang.AssertionError" message="The following asserts failed:
	null">
      <![CDATA[java.lang.AssertionError: The following asserts failed:
	null
	at testcases.dashboard.practice.rolling.TC_PracticeProvidersPopUpCountR.TC_AllMeasures(TC_PracticeProvidersPopUpCountR.java:37)
	at TestNGLoader.Loader.main(Loader.java:61)
... Removed 22 stack frames]]>
    </failure>
  </testcase> <!-- TC_AllMeasures -->
</testsuite> <!-- TC_PracticeProvidersPopUpCountR -->
