<?xml version="1.0" encoding="UTF-8"?>
<!-- Generated by org.testng.reporters.JUnitXMLReporter -->
<testsuite hostname="NC003" name="TC_PracticeProvidersPopUpCountNR" tests="1" failures="1" timestamp="13 Jul 2018 15:37:03 GMT" time="36.805" errors="0">
  <testcase name="TC_AllMeasures" time="36.31" classname="testcases.dashboard.practice.nonRolling.TC_PracticeProvidersPopUpCountNR">
    <failure type="java.lang.AssertionError" message="The following asserts failed:
	null">
      <![CDATA[java.lang.AssertionError: The following asserts failed:
	null
	at testcases.dashboard.practice.nonRolling.TC_PracticeProvidersPopUpCountNR.TC_AllMeasures(TC_PracticeProvidersPopUpCountNR.java:37)
	at TestNGLoader.Loader.main(Loader.java:61)
... Removed 22 stack frames]]>
    </failure>
  </testcase> <!-- TC_AllMeasures -->
</testsuite> <!-- TC_PracticeProvidersPopUpCountNR -->
