<?xml version="1.0" encoding="UTF-8"?>
<!-- Generated by org.testng.reporters.JUnitXMLReporter -->
<testsuite hostname="NC003" name="TC_PracticeSubmissionSingleTin" tests="44" failures="13" timestamp="28 Mar 2018 19:17:37 GMT" time="7304.094" errors="0">
  <testcase name="TC_AllMeasures" time="101.274" classname="testcases.mips.TC_PracticeReSubmissionSingleTin"/>
  <testcase name="TC_AllMeasures" time="218.285" classname="testcases.mips.TC_PracticeReSubmissionSingleTin"/>
  <testcase name="TC_AllMeasures" time="200.314" classname="testcases.mips.TC_PracticeReSubmissionSingleTin">
    <failure type="java.lang.AssertionError" message="Step 16	Action: verifyelement	Status: Fail">
      <![CDATA[java.lang.AssertionError: Step 16	Action: verifyelement	Status: Fail
	at buisness.frameworkengine.TestExecutor.testexecute(TestExecutor.java:336)
	at testcases.mips.TC_PracticeReSubmissionSingleTin.TC_AllMeasures(TC_PracticeReSubmissionSingleTin.java:28)
	at TestNGLoader.Loader.main(Loader.java:60)
... Removed 22 stack frames]]>
    </failure>
  </testcase> <!-- TC_AllMeasures -->
  <testcase name="TC_AllMeasures" time="229.12" classname="testcases.mips.TC_PracticeReSubmissionSingleTin"/>
  <testcase name="TC_AllMeasures" time="115.635" classname="testcases.mips.TC_PracticeReSubmissionSingleTin"/>
  <testcase name="TC_AllMeasures" time="97.47" classname="testcases.mips.TC_PracticeReSubmissionSingleTin"/>
  <testcase name="TC_AllMeasures" time="430.412" classname="testcases.mips.TC_PracticeReSubmissionSingleTin">
    <failure type="java.lang.AssertionError" message="Step 29	Action: verifyelement	Status: Fail">
      <![CDATA[java.lang.AssertionError: Step 29	Action: verifyelement	Status: Fail
	at buisness.frameworkengine.TestExecutor.testexecute(TestExecutor.java:336)
	at testcases.mips.TC_PracticeReSubmissionSingleTin.TC_AllMeasures(TC_PracticeReSubmissionSingleTin.java:28)
	at TestNGLoader.Loader.main(Loader.java:60)
... Removed 22 stack frames]]>
    </failure>
  </testcase> <!-- TC_AllMeasures -->
  <testcase name="TC_AllMeasures" time="163.371" classname="testcases.mips.TC_PracticeReSubmissionSingleTin"/>
  <testcase name="TC_AllMeasures" time="132.171" classname="testcases.mips.TC_PracticeReSubmissionSingleTin"/>
  <testcase name="TC_AllMeasures" time="105.814" classname="testcases.mips.TC_PracticeReSubmissionSingleTin"/>
  <testcase name="TC_AllMeasures" time="156.264" classname="testcases.mips.TC_PracticeReSubmissionSingleTin"/>
  <testcase name="TC_AllMeasures" time="96.273" classname="testcases.mips.TC_PracticeReSubmissionSingleTin"/>
  <testcase name="TC_AllMeasures" time="201.842" classname="testcases.mips.TC_PracticeReSubmissionSingleTin">
    <failure type="java.lang.AssertionError" message="Step 16	Action: verifyelement	Status: Fail">
      <![CDATA[java.lang.AssertionError: Step 16	Action: verifyelement	Status: Fail
	at buisness.frameworkengine.TestExecutor.testexecute(TestExecutor.java:336)
	at testcases.mips.TC_PracticeReSubmissionSingleTin.TC_AllMeasures(TC_PracticeReSubmissionSingleTin.java:28)
	at TestNGLoader.Loader.main(Loader.java:60)
... Removed 22 stack frames]]>
    </failure>
  </testcase> <!-- TC_AllMeasures -->
  <testcase name="TC_AllMeasures" time="195.82" classname="testcases.mips.TC_PracticeReSubmissionSingleTin">
    <failure type="java.lang.AssertionError" message="Step 16	Action: verifyelement	Status: Fail">
      <![CDATA[java.lang.AssertionError: Step 16	Action: verifyelement	Status: Fail
	at buisness.frameworkengine.TestExecutor.testexecute(TestExecutor.java:336)
	at testcases.mips.TC_PracticeReSubmissionSingleTin.TC_AllMeasures(TC_PracticeReSubmissionSingleTin.java:28)
	at TestNGLoader.Loader.main(Loader.java:60)
... Removed 22 stack frames]]>
    </failure>
  </testcase> <!-- TC_AllMeasures -->
  <testcase name="TC_AllMeasures" time="165.883" classname="testcases.mips.TC_PracticeReSubmissionSingleTin"/>
  <testcase name="TC_AllMeasures" time="204.42" classname="testcases.mips.TC_PracticeReSubmissionSingleTin">
    <failure type="java.lang.AssertionError" message="Step 16	Action: verifyelement	Status: Fail">
      <![CDATA[java.lang.AssertionError: Step 16	Action: verifyelement	Status: Fail
	at buisness.frameworkengine.TestExecutor.testexecute(TestExecutor.java:336)
	at testcases.mips.TC_PracticeReSubmissionSingleTin.TC_AllMeasures(TC_PracticeReSubmissionSingleTin.java:28)
	at TestNGLoader.Loader.main(Loader.java:60)
... Removed 22 stack frames]]>
    </failure>
  </testcase> <!-- TC_AllMeasures -->
  <testcase name="TC_AllMeasures" time="201.706" classname="testcases.mips.TC_PracticeReSubmissionSingleTin"/>
  <testcase name="TC_AllMeasures" time="200.666" classname="testcases.mips.TC_PracticeReSubmissionSingleTin">
    <failure type="java.lang.AssertionError" message="Step 16	Action: verifyelement	Status: Fail">
      <![CDATA[java.lang.AssertionError: Step 16	Action: verifyelement	Status: Fail
	at buisness.frameworkengine.TestExecutor.testexecute(TestExecutor.java:336)
	at testcases.mips.TC_PracticeReSubmissionSingleTin.TC_AllMeasures(TC_PracticeReSubmissionSingleTin.java:28)
	at TestNGLoader.Loader.main(Loader.java:60)
... Removed 21 stack frames]]>
    </failure>
  </testcase> <!-- TC_AllMeasures -->
  <testcase name="TC_AllMeasures" time="158.336" classname="testcases.mips.TC_PracticeReSubmissionSingleTin"/>
  <testcase name="TC_AllMeasures" time="229.02" classname="testcases.mips.TC_PracticeReSubmissionSingleTin">
    <failure type="java.lang.AssertionError" message="Step 16	Action: verifyelement	Status: Fail">
      <![CDATA[java.lang.AssertionError: Step 16	Action: verifyelement	Status: Fail
	at buisness.frameworkengine.TestExecutor.testexecute(TestExecutor.java:336)
	at testcases.mips.TC_PracticeReSubmissionSingleTin.TC_AllMeasures(TC_PracticeReSubmissionSingleTin.java:28)
	at TestNGLoader.Loader.main(Loader.java:60)
... Removed 21 stack frames]]>
    </failure>
  </testcase> <!-- TC_AllMeasures -->
  <testcase name="TC_AllMeasures" time="202.379" classname="testcases.mips.TC_PracticeReSubmissionSingleTin">
    <failure type="java.lang.AssertionError" message="Step 16	Action: verifyelement	Status: Fail">
      <![CDATA[java.lang.AssertionError: Step 16	Action: verifyelement	Status: Fail
	at buisness.frameworkengine.TestExecutor.testexecute(TestExecutor.java:336)
	at testcases.mips.TC_PracticeReSubmissionSingleTin.TC_AllMeasures(TC_PracticeReSubmissionSingleTin.java:28)
	at TestNGLoader.Loader.main(Loader.java:60)
... Removed 21 stack frames]]>
    </failure>
  </testcase> <!-- TC_AllMeasures -->
  <testcase name="TC_AllMeasures" time="164.505" classname="testcases.mips.TC_PracticeReSubmissionSingleTin"/>
  <testcase name="TC_AllMeasures" time="215.857" classname="testcases.mips.TC_PracticeReSubmissionSingleTin">
    <failure type="java.lang.AssertionError" message="Step 16	Action: verifyelement	Status: Fail">
      <![CDATA[java.lang.AssertionError: Step 16	Action: verifyelement	Status: Fail
	at buisness.frameworkengine.TestExecutor.testexecute(TestExecutor.java:336)
	at testcases.mips.TC_PracticeReSubmissionSingleTin.TC_AllMeasures(TC_PracticeReSubmissionSingleTin.java:28)
	at TestNGLoader.Loader.main(Loader.java:60)
... Removed 21 stack frames]]>
    </failure>
  </testcase> <!-- TC_AllMeasures -->
  <testcase name="TC_AllMeasures" time="198.252" classname="testcases.mips.TC_PracticeReSubmissionSingleTin">
    <failure type="java.lang.AssertionError" message="Step 16	Action: verifyelement	Status: Fail">
      <![CDATA[java.lang.AssertionError: Step 16	Action: verifyelement	Status: Fail
	at buisness.frameworkengine.TestExecutor.testexecute(TestExecutor.java:336)
	at testcases.mips.TC_PracticeReSubmissionSingleTin.TC_AllMeasures(TC_PracticeReSubmissionSingleTin.java:28)
	at TestNGLoader.Loader.main(Loader.java:60)
... Removed 21 stack frames]]>
    </failure>
  </testcase> <!-- TC_AllMeasures -->
  <testcase name="TC_AllMeasures" time="203.136" classname="testcases.mips.TC_PracticeReSubmissionSingleTin">
    <failure type="java.lang.AssertionError" message="Step 16	Action: verifyelement	Status: Fail">
      <![CDATA[java.lang.AssertionError: Step 16	Action: verifyelement	Status: Fail
	at buisness.frameworkengine.TestExecutor.testexecute(TestExecutor.java:336)
	at testcases.mips.TC_PracticeReSubmissionSingleTin.TC_AllMeasures(TC_PracticeReSubmissionSingleTin.java:28)
	at TestNGLoader.Loader.main(Loader.java:60)
... Removed 21 stack frames]]>
    </failure>
  </testcase> <!-- TC_AllMeasures -->
  <testcase name="TC_AllMeasures" time="161.658" classname="testcases.mips.TC_PracticeReSubmissionSingleTin"/>
  <testcase name="TC_AllMeasures" time="93.477" classname="testcases.mips.TC_PracticeReSubmissionSingleTin"/>
  <testcase name="TC_AllMeasures" time="196.151" classname="testcases.mips.TC_PracticeReSubmissionSingleTin">
    <failure type="java.lang.AssertionError" message="Step 16	Action: verifyelement	Status: Fail">
      <![CDATA[java.lang.AssertionError: Step 16	Action: verifyelement	Status: Fail
	at buisness.frameworkengine.TestExecutor.testexecute(TestExecutor.java:336)
	at testcases.mips.TC_PracticeReSubmissionSingleTin.TC_AllMeasures(TC_PracticeReSubmissionSingleTin.java:28)
	at TestNGLoader.Loader.main(Loader.java:60)
... Removed 21 stack frames]]>
    </failure>
  </testcase> <!-- TC_AllMeasures -->
  <testcase name="TC_AllMeasures" time="97.26" classname="testcases.mips.TC_PracticeReSubmissionSingleTin"/>
  <testcase name="TC_AllMeasures" time="160.061" classname="testcases.mips.TC_PracticeReSubmissionSingleTin"/>
  <testcase name="TC_AllMeasures" time="150.182" classname="testcases.mips.TC_PracticeReSubmissionSingleTin"/>
  <testcase name="TC_AllMeasures" time="162.861" classname="testcases.mips.TC_PracticeReSubmissionSingleTin"/>
  <testcase name="TC_AllMeasures" time="206.48" classname="testcases.mips.TC_PracticeReSubmissionSingleTin">
    <failure type="java.lang.AssertionError" message="Step 16	Action: verifyelement	Status: Fail">
      <![CDATA[java.lang.AssertionError: Step 16	Action: verifyelement	Status: Fail
	at buisness.frameworkengine.TestExecutor.testexecute(TestExecutor.java:336)
	at testcases.mips.TC_PracticeReSubmissionSingleTin.TC_AllMeasures(TC_PracticeReSubmissionSingleTin.java:28)
	at TestNGLoader.Loader.main(Loader.java:60)
... Removed 21 stack frames]]>
    </failure>
  </testcase> <!-- TC_AllMeasures -->
  <testcase name="TC_AllMeasures" time="118.482" classname="testcases.mips.TC_PracticeReSubmissionSingleTin"/>
  <testcase name="TC_AllMeasures" time="99.775" classname="testcases.mips.TC_PracticeReSubmissionSingleTin"/>
  <testcase name="TC_AllMeasures" time="158.77" classname="testcases.mips.TC_PracticeReSubmissionSingleTin"/>
  <testcase name="TC_AllMeasures" time="159.77" classname="testcases.mips.TC_PracticeReSubmissionSingleTin"/>
  <testcase name="TC_AllMeasures" time="216.863" classname="testcases.mips.TC_PracticeReSubmissionSingleTin"/>
  <testcase name="TC_AllMeasures" time="100.4" classname="testcases.mips.TC_PracticeReSubmissionSingleTin"/>
  <testcase name="TC_AllMeasures" time="164.186" classname="testcases.mips.TC_PracticeReSubmissionSingleTin"/>
  <testcase name="TC_AllMeasures" time="159.208" classname="testcases.mips.TC_PracticeReSubmissionSingleTin"/>
  <testcase name="TC_AllMeasures" time="92.907" classname="testcases.mips.TC_PracticeReSubmissionSingleTin"/>
  <testcase name="TC_AllMeasures" time="101.297" classname="testcases.mips.TC_PracticeReSubmissionSingleTin"/>
  <testcase name="TC_AllMeasures" time="97.958" classname="testcases.mips.TC_PracticeReSubmissionSingleTin"/>
</testsuite> <!-- TC_PracticeSubmissionSingleTin -->
