<?xml version="1.0" encoding="UTF-8"?>
<!-- Generated by org.testng.reporters.JUnitXMLReporter -->
<testsuite hostname="NC003" name="TC_ProviderPatientDrillDownCountNR" tests="1" failures="1" timestamp="13 Jul 2018 15:31:46 GMT" time="475.904" errors="0">
  <testcase name="startTestCase" time="475.661" classname="testcases.dashboard.provider.nonrolling.TC_ProviderPatientDrillDownCountNR">
    <failure type="java.lang.AssertionError" message="The following asserts failed:
	null, 
	null">
      <![CDATA[java.lang.AssertionError: The following asserts failed:
	null, 
	null
	at testcases.dashboard.provider.nonrolling.TC_ProviderPatientDrillDownCountNR.startTestCase(TC_ProviderPatientDrillDownCountNR.java:32)
	at TestNGLoader.Loader.main(Loader.java:61)
... Removed 22 stack frames]]>
    </failure>
  </testcase> <!-- startTestCase -->
</testsuite> <!-- TC_ProviderPatientDrillDownCountNR -->
