<?xml version="1.0" encoding="UTF-8"?>
<!-- Generated by org.testng.reporters.JUnitXMLReporter -->
<testsuite hostname="NC003" name="TC_PracticeAllProvidersPopUpCountNR" tests="1" failures="1" timestamp="13 Jul 2018 15:19:07 GMT" time="84.874" errors="0">
  <testcase name="TC_AllMeasures" time="83.523" classname="testcases.dashboard.practice.nonRolling.TC_PracticeAllProvidersPopUpCountNR">
    <failure type="java.lang.AssertionError" message="The following asserts failed:
	null">
      <![CDATA[java.lang.AssertionError: The following asserts failed:
	null
	at testcases.dashboard.practice.nonRolling.TC_PracticeAllProvidersPopUpCountNR.TC_AllMeasures(TC_PracticeAllProvidersPopUpCountNR.java:37)
	at TestNGLoader.Loader.main(Loader.java:61)
... Removed 22 stack frames]]>
    </failure>
  </testcase> <!-- TC_AllMeasures -->
</testsuite> <!-- TC_PracticeAllProvidersPopUpCountNR -->
