<?xml version="1.0" encoding="UTF-8"?>
<!-- Generated by org.testng.reporters.JUnitXMLReporter -->
<testsuite hostname="NC003" name="TC_Stale" tests="9" failures="0" timestamp="27 Mar 2018 12:50:19 GMT" time="1551.489" errors="0">
  <testcase name="testBlankPassword" time="165.267" classname="testcases.mips.TC_Stale"/>
  <testcase name="testBlankPassword" time="197.386" classname="testcases.mips.TC_Stale"/>
  <testcase name="testBlankPassword" time="163.486" classname="testcases.mips.TC_Stale"/>
  <testcase name="testBlankPassword" time="166.898" classname="testcases.mips.TC_Stale"/>
  <testcase name="testBlankPassword" time="169.601" classname="testcases.mips.TC_Stale"/>
  <testcase name="testBlankPassword" time="174.074" classname="testcases.mips.TC_Stale"/>
  <testcase name="testBlankPassword" time="163.92" classname="testcases.mips.TC_Stale"/>
  <testcase name="testBlankPassword" time="169.916" classname="testcases.mips.TC_Stale"/>
  <testcase name="testBlankPassword" time="175.458" classname="testcases.mips.TC_Stale"/>
</testsuite> <!-- TC_Stale -->
