<?xml version="1.0" encoding="UTF-8"?>
<!-- Generated by org.testng.reporters.JUnitXMLReporter -->
<testsuite hostname="NC003" name="TC_VerifyHeaderDetailsforPatientDDWhenOpenedForProvider" tests="1" failures="0" timestamp="13 Jul 2018 15:41:35 GMT" time="5.74" errors="0">
  <testcase name="TC_AllMeasures" time="5.668" classname="testcases.dashboard.newsmoke.practice.TC_VerifyMeasureNameHeaderPerformaceTDrillDownHeaderProvider"/>
</testsuite> <!-- TC_VerifyHeaderDetailsforPatientDDWhenOpenedForProvider -->
