<?xml version="1.0" encoding="UTF-8"?>
<!-- Generated by org.testng.reporters.JUnitXMLReporter -->
<testsuite hostname="NC003" name="TC_VerifyRegistryAvgOnPerformanceTrendModalForPractice" tests="1" failures="0" timestamp="13 Jul 2018 15:42:30 GMT" time="49.155" errors="0">
  <testcase name="TC_AllMeasures" time="48.643" classname="testcases.dashboard.newsmoke.practice.TC_VerifyRegistryAvgOnPerformanceTrendModalForPractice"/>
</testsuite> <!-- TC_VerifyRegistryAvgOnPerformanceTrendModalForPractice -->
