<?xml version="1.0" encoding="UTF-8"?>
<!-- Generated by org.testng.reporters.JUnitXMLReporter -->
<testsuite hostname="NC003" name="TC_PracticeMeasureCountNR" tests="1" failures="1" timestamp="3 Aug 2018 11:37:28 GMT" time="47.651" errors="0">
  <testcase name="TC_AllMeasures" time="44.814" classname="testcases.dashboard.practice.nonRolling.TC_PracticeMeasureCountNR">
    <failure type="java.lang.AssertionError" message="The following asserts failed:
	null">
      <![CDATA[java.lang.AssertionError: The following asserts failed:
	null
	at testcases.dashboard.practice.nonRolling.TC_PracticeMeasureCountNR.TC_AllMeasures(TC_PracticeMeasureCountNR.java:37)
... Removed 25 stack frames]]>
    </failure>
  </testcase> <!-- TC_AllMeasures -->
</testsuite> <!-- TC_PracticeMeasureCountNR -->
